{
  "stats": {
    "suites": 1,
    "tests": 1,
    "passes": 0,
    "pending": 0,
    "failures": 1,
    "start": "2022-08-03T13:39:47.497Z",
    "end": "2022-08-03T13:39:48.607Z",
    "duration": 1110,
    "testsRegistered": 6,
    "passPercent": 0,
    "pendingPercent": 0,
    "other": 0,
    "hasOther": false,
    "skipped": 5,
    "hasSkipped": true
  },
  "results": [
    {
      "uuid": "b6ec00e3-dec2-4ed7-9606-84dd1e3e98cd",
      "title": "",
      "fullFile": "cypress/integration/03.ExpensesForm_spec.js",
      "file": "cypress/integration/03.ExpensesForm_spec.js",
      "beforeHooks": [],
      "afterHooks": [],
      "tests": [],
      "suites": [
        {
          "uuid": "20c40273-7cf8-4b3e-89a8-e88830eb3e65",
          "title": "3 - Desenvolva um formulário para adicionar uma despesa contendo as seguintes características:",
          "fullFile": "",
          "file": "",
          "beforeHooks": [],
          "afterHooks": [],
          "tests": [
            {
              "title": "Um campo para adicionar o valor da despesa",
              "fullTitle": "3 - Desenvolva um formulário para adicionar uma despesa contendo as seguintes características: Um campo para adicionar o valor da despesa",
              "timedOut": null,
              "duration": 800,
              "state": "failed",
              "speed": null,
              "pass": false,
              "fail": true,
              "pending": false,
              "context": null,
              "code": "cy.getByTestId(_constants.VALUE_INPUT_TEST_ID).should('exist');",
              "err": {
                "message": "CypressError: `cy.visit()` failed trying to load:\n\nhttp://localhost:3000/\n\nWe attempted to make an http request to this URL but the request failed without a response.\n\nWe received this error at the network level:\n\n  > Error: connect ECONNREFUSED 127.0.0.1:3000\n\nCommon situations why this would fail:\n  - you don't have internet access\n  - you forgot to run / boot your web server\n  - your web server isn't accessible\n  - you have weird network configuration settings on your computer\n\nBecause this error occurred during a `before each` hook we are skipping the remaining tests in the current suite: `3 - Desenvolva um formulári...`",
                "estack": "CypressError: `cy.visit()` failed trying to load:\n\nhttp://localhost:3000/\n\nWe attempted to make an http request to this URL but the request failed without a response.\n\nWe received this error at the network level:\n\n  > Error: connect ECONNREFUSED 127.0.0.1:3000\n\nCommon situations why this would fail:\n  - you don't have internet access\n  - you forgot to run / boot your web server\n  - your web server isn't accessible\n  - you have weird network configuration settings on your computer\n\nBecause this error occurred during a `before each` hook we are skipping the remaining tests in the current suite: `3 - Desenvolva um formulári...`\n    at http://localhost:51767/__cypress/runner/cypress_runner.js:163608:82\n    at visitFailedByErr (http://localhost:51767/__cypress/runner/cypress_runner.js:162912:12)\n    at http://localhost:51767/__cypress/runner/cypress_runner.js:163607:11\n    at tryCatcher (http://localhost:51767/__cypress/runner/cypress_runner.js:13022:23)\n    at Promise._settlePromiseFromHandler (http://localhost:51767/__cypress/runner/cypress_runner.js:10957:31)\n    at Promise._settlePromise (http://localhost:51767/__cypress/runner/cypress_runner.js:11014:18)\n    at Promise._settlePromise0 (http://localhost:51767/__cypress/runner/cypress_runner.js:11059:10)\n    at Promise._settlePromises (http://localhost:51767/__cypress/runner/cypress_runner.js:11135:18)\n    at _drainQueueStep (http://localhost:51767/__cypress/runner/cypress_runner.js:7729:12)\n    at _drainQueue (http://localhost:51767/__cypress/runner/cypress_runner.js:7722:9)\n    at Async.../../node_modules/bluebird/js/release/async.js.Async._drainQueues (http://localhost:51767/__cypress/runner/cypress_runner.js:7738:5)\n    at Async.drainQueues (http://localhost:51767/__cypress/runner/cypress_runner.js:7608:14)\nFrom Your Spec Code:\n    at Context.eval (http://localhost:51767/__cypress/tests?p=cypress/integration/03.ExpensesForm_spec.js:128:8)\n\nFrom Node.js Internals:\n  Error: connect ECONNREFUSED 127.0.0.1:3000\n      at TCPConnectWrap.afterConnect [as oncomplete] (node:net:1161:16)\n  ",
                "diff": null
              },
              "uuid": "c33c81a7-a2a0-4956-abbb-28a24d2804ba",
              "parentUUID": "20c40273-7cf8-4b3e-89a8-e88830eb3e65",
              "isHook": false,
              "skipped": false
            },
            {
              "title": "Um campo para adicionar a descrição da despesa",
              "fullTitle": "3 - Desenvolva um formulário para adicionar uma despesa contendo as seguintes características: Um campo para adicionar a descrição da despesa",
              "timedOut": null,
              "duration": 0,
              "state": "skipped",
              "speed": null,
              "pass": false,
              "fail": false,
              "pending": false,
              "context": null,
              "code": "cy.getByTestId(_constants.DESCRIPTION_INPUT_TEST_ID).should('exist');",
              "err": {},
              "uuid": "82e221a6-8c0e-4098-bf41-3f491864c400",
              "parentUUID": "20c40273-7cf8-4b3e-89a8-e88830eb3e65",
              "isHook": false,
              "skipped": true
            },
            {
              "title": "Um campo para selecionar em qual moeda será registrada a despesa",
              "fullTitle": "3 - Desenvolva um formulário para adicionar uma despesa contendo as seguintes características: Um campo para selecionar em qual moeda será registrada a despesa",
              "timedOut": null,
              "duration": 0,
              "state": "skipped",
              "speed": null,
              "pass": false,
              "fail": false,
              "pending": false,
              "context": null,
              "code": "cy.getByTestId(_constants.CURRENCY_INPUT_TEST_ID).find('option').should('have.length', _constants.currenciesOptions.length);\ncy.wrap(_constants.currenciesOptions).each(currency => {\n  cy.getByTestId(_constants.CURRENCY_INPUT_TEST_ID).contains('option', currency).should('exist');\n});",
              "err": {},
              "uuid": "7340a3ea-99d8-497b-93d6-7fc5331f01d8",
              "parentUUID": "20c40273-7cf8-4b3e-89a8-e88830eb3e65",
              "isHook": false,
              "skipped": true
            },
            {
              "title": "A chave currencies no estado global deve ser um array de siglas puxadas através de uma requisição à API",
              "fullTitle": "3 - Desenvolva um formulário para adicionar uma despesa contendo as seguintes características: A chave currencies no estado global deve ser um array de siglas puxadas através de uma requisição à API",
              "timedOut": null,
              "duration": 0,
              "state": "skipped",
              "speed": null,
              "pass": false,
              "fail": false,
              "pending": false,
              "context": null,
              "code": "cy.get('@mockFetch').should('be.calledWith', 'https://economia.awesomeapi.com.br/json/all');\ncy.window().its('store').invoke('getState').its('wallet.currencies').should('deep.equal', _constants.currenciesOptions);",
              "err": {},
              "uuid": "c8cfaafb-3da4-4096-9387-58a6f03c4d81",
              "parentUUID": "20c40273-7cf8-4b3e-89a8-e88830eb3e65",
              "isHook": false,
              "skipped": true
            },
            {
              "title": "Um campo para selecionar qual método de pagamento será utilizado",
              "fullTitle": "3 - Desenvolva um formulário para adicionar uma despesa contendo as seguintes características: Um campo para selecionar qual método de pagamento será utilizado",
              "timedOut": null,
              "duration": 0,
              "state": "skipped",
              "speed": null,
              "pass": false,
              "fail": false,
              "pending": false,
              "context": null,
              "code": "cy.getByTestId(_constants.METHOD_INPUT_TEST_ID).find('option').should('have.length', _constants.methodOptions.length);\ncy.wrap(_constants.methodOptions).each(method => {\n  cy.getByTestId(_constants.METHOD_INPUT_TEST_ID).contains('option', method).should('exist');\n});",
              "err": {},
              "uuid": "d1fc90a9-af8b-4803-8814-22328a703944",
              "parentUUID": "20c40273-7cf8-4b3e-89a8-e88830eb3e65",
              "isHook": false,
              "skipped": true
            },
            {
              "title": "Um campo para selecionar uma categoria (tag) para a despesa.",
              "fullTitle": "3 - Desenvolva um formulário para adicionar uma despesa contendo as seguintes características: Um campo para selecionar uma categoria (tag) para a despesa.",
              "timedOut": null,
              "duration": 0,
              "state": "skipped",
              "speed": null,
              "pass": false,
              "fail": false,
              "pending": false,
              "context": null,
              "code": "cy.getByTestId(_constants.TAG_INPUT_TEST_ID).find('option').should('have.length', _constants.tagOptions.length);\ncy.wrap(_constants.tagOptions).each(tag => {\n  cy.getByTestId(_constants.TAG_INPUT_TEST_ID).contains('option', tag).should('exist');\n});",
              "err": {},
              "uuid": "cc258b79-99b5-4b24-b99d-62068e62b23c",
              "parentUUID": "20c40273-7cf8-4b3e-89a8-e88830eb3e65",
              "isHook": false,
              "skipped": true
            }
          ],
          "suites": [],
          "passes": [],
          "failures": [
            "c33c81a7-a2a0-4956-abbb-28a24d2804ba"
          ],
          "pending": [],
          "skipped": [
            "82e221a6-8c0e-4098-bf41-3f491864c400",
            "7340a3ea-99d8-497b-93d6-7fc5331f01d8",
            "c8cfaafb-3da4-4096-9387-58a6f03c4d81",
            "d1fc90a9-af8b-4803-8814-22328a703944",
            "cc258b79-99b5-4b24-b99d-62068e62b23c"
          ],
          "duration": 800,
          "root": false,
          "rootEmpty": false,
          "_timeout": 2000
        }
      ],
      "passes": [],
      "failures": [],
      "pending": [],
      "skipped": [],
      "duration": 0,
      "root": true,
      "rootEmpty": true,
      "_timeout": 2000
    }
  ],
  "meta": {
    "mocha": {
      "version": "7.0.1"
    },
    "mochawesome": {
      "options": {
        "quiet": false,
        "reportFilename": "mochawesome",
        "saveHtml": false,
        "saveJson": true,
        "consoleReporter": "spec",
        "useInlineDiffs": false,
        "code": true
      },
      "version": "7.1.3"
    },
    "marge": {
      "options": {
        "id": "default",
        "reportDir": "cypress/reports",
        "overwrite": false,
        "html": false,
        "json": true
      },
      "version": "6.2.0"
    }
  }
}