{
  "stats": {
    "suites": 1,
    "tests": 1,
    "passes": 0,
    "pending": 0,
    "failures": 1,
    "start": "2022-08-03T12:59:24.785Z",
    "end": "2022-08-03T12:59:26.571Z",
    "duration": 1786,
    "testsRegistered": 1,
    "passPercent": 0,
    "pendingPercent": 0,
    "other": 0,
    "hasOther": false,
    "skipped": 0,
    "hasSkipped": false
  },
  "results": [
    {
      "uuid": "b1b073db-ed77-4dbc-b0d3-3012da2d823a",
      "title": "",
      "fullFile": "cypress/integration/secrets/03.Startest_spec.js",
      "file": "cypress/integration/secrets/03.Startest_spec.js",
      "beforeHooks": [],
      "afterHooks": [],
      "tests": [],
      "suites": [
        {
          "uuid": "b8d15ab7-16ea-48ec-bb45-7f58bc0070cb",
          "title": "Requisito 3 Startest não avaliativo",
          "fullFile": "",
          "file": "",
          "beforeHooks": [],
          "afterHooks": [],
          "tests": [
            {
              "title": "🌟 Startest - Desenvolva os testes automatizados do requisito 3",
              "fullTitle": "Requisito 3 Startest não avaliativo 🌟 Startest - Desenvolva os testes automatizados do requisito 3",
              "timedOut": null,
              "duration": 1479,
              "state": "failed",
              "speed": null,
              "pass": false,
              "fail": true,
              "pending": false,
              "context": null,
              "code": "const walletStartest = new _startest.default({\n  testFileName: '03.star.test.js',\n  componentPath: 'src/components/WalletForm',\n  mockName: 'WalletForm',\n  defaultProps: {\n    valueTestId: _constants.VALUE_INPUT_TEST_ID,\n    descriptionTestId: _constants.DESCRIPTION_INPUT_TEST_ID,\n    methodTestId: _constants.METHOD_INPUT_TEST_ID,\n    currencyTestId: _constants.CURRENCY_INPUT_TEST_ID,\n    tagTestId: _constants.TAG_INPUT_TEST_ID,\n    methodOptions: _constants.methodOptions,\n    tagOptions: _constants.tagOptions,\n    shouldFetchCurrencies: true,\n    shouldDispatchCurrencies: true\n  }\n});\nconst testCases = [{\n  valueTestId: ''\n}, {\n  descriptionTestId: ''\n}, {\n  methodTestId: ''\n}, {\n  currencyTestId: ''\n}, {\n  tagTestId: ''\n}, {\n  methodOptions: []\n}, {\n  tagOptions: []\n}, {\n  shouldFetchCurrencies: false\n}, {\n  shouldDispatchCurrencies: false\n}];\nconst logCreators = {\n  methodOptions: 'Métodos de pagamento',\n  tagOptions: 'Opções de tags',\n  shouldFetchCurrencies: () => 'Fetch de currencies não está sendo realizado',\n  shouldDispatchCurrencies: () => 'Currencies não estão sendo salvas no redux'\n};\nawait walletStartest.runTestCases(testCases, logCreators);",
              "err": {
                "message": "[Startest Error]: 🚨 Teste inicial falhou 🚨\n\nCommand failed: npm test 03.star.test.js -- --watchAll=false --json --testFailureExitCode=0 --setupFilesAfterEnv \"<rootDir>/cypress/startest/jestSetup.js\"\nNo tests found, exiting with code 1\nRun with `--passWithNoTests` to exit with code 0\nIn /Users/joicearaujo/projetos/sd-022-b-project-trybewallet\n  16 files checked.\n  testMatch: /Users/joicearaujo/projetos/sd-022-b-project-trybewallet/src/**/__tests__/**/*.{js,jsx,ts,tsx}, /Users/joicearaujo/projetos/sd-022-b-project-trybewallet/src/**/*.{spec,test}.{js,jsx,ts,tsx} - 0 matches\n  testPathIgnorePatterns: /node_modules/ - 16 matches\n  testRegex:  - 0 matches\nPattern: 03.star.test.js - 0 matches\n",
                "estack": "[Startest Error]: 🚨 Teste inicial falhou 🚨\n\nCommand failed: npm test 03.star.test.js -- --watchAll=false --json --testFailureExitCode=0 --setupFilesAfterEnv \"<rootDir>/cypress/startest/jestSetup.js\"\nNo tests found, exiting with code 1\nRun with `--passWithNoTests` to exit with code 0\nIn /Users/joicearaujo/projetos/sd-022-b-project-trybewallet\n  16 files checked.\n  testMatch: /Users/joicearaujo/projetos/sd-022-b-project-trybewallet/src/**/__tests__/**/*.{js,jsx,ts,tsx}, /Users/joicearaujo/projetos/sd-022-b-project-trybewallet/src/**/*.{spec,test}.{js,jsx,ts,tsx} - 0 matches\n  testPathIgnorePatterns: /node_modules/ - 16 matches\n  testRegex:  - 0 matches\nPattern: 03.star.test.js - 0 matches\n\n    at Startest.showTestResult (http://localhost:50470/__cypress/tests?p=cypress/integration/secrets/03.Startest_spec.js:821:13)\n    at async Context.eval (http://localhost:50470/__cypress/tests?p=cypress/integration/secrets/03.Startest_spec.js:360:5)",
                "diff": null
              },
              "uuid": "5848a8c2-5202-4138-8080-9cf2bc8d3b83",
              "parentUUID": "b8d15ab7-16ea-48ec-bb45-7f58bc0070cb",
              "isHook": false,
              "skipped": false
            }
          ],
          "suites": [],
          "passes": [],
          "failures": [
            "5848a8c2-5202-4138-8080-9cf2bc8d3b83"
          ],
          "pending": [],
          "skipped": [],
          "duration": 1479,
          "root": false,
          "rootEmpty": false,
          "_timeout": 2000
        }
      ],
      "passes": [],
      "failures": [],
      "pending": [],
      "skipped": [],
      "duration": 0,
      "root": true,
      "rootEmpty": true,
      "_timeout": 2000
    }
  ],
  "meta": {
    "mocha": {
      "version": "7.0.1"
    },
    "mochawesome": {
      "options": {
        "quiet": false,
        "reportFilename": "mochawesome",
        "saveHtml": false,
        "saveJson": true,
        "consoleReporter": "spec",
        "useInlineDiffs": false,
        "code": true
      },
      "version": "7.1.3"
    },
    "marge": {
      "options": {
        "id": "default",
        "reportDir": "cypress/reports",
        "overwrite": false,
        "html": false,
        "json": true
      },
      "version": "6.2.0"
    }
  }
}