{
  "stats": {
    "suites": 1,
    "tests": 6,
    "passes": 5,
    "pending": 0,
    "failures": 1,
    "start": "2022-08-03T13:48:36.476Z",
    "end": "2022-08-03T13:48:52.730Z",
    "duration": 16254,
    "testsRegistered": 6,
    "passPercent": 83.33333333333334,
    "pendingPercent": 0,
    "other": 0,
    "hasOther": false,
    "skipped": 0,
    "hasSkipped": false
  },
  "results": [
    {
      "uuid": "78bde2ec-8674-4f5d-8583-65f5323941f3",
      "title": "",
      "fullFile": "cypress/integration/01.LoginPage_spec.js",
      "file": "cypress/integration/01.LoginPage_spec.js",
      "beforeHooks": [],
      "afterHooks": [],
      "tests": [],
      "suites": [
        {
          "uuid": "0d755a94-e3b6-4c93-9c06-907aef0306b8",
          "title": "1 - Crie uma página inicial de login com os seguintes campos e características:",
          "fullFile": "",
          "file": "",
          "beforeHooks": [],
          "afterHooks": [],
          "tests": [
            {
              "title": "A rota para esta página deve ser '/'",
              "fullTitle": "1 - Crie uma página inicial de login com os seguintes campos e características: A rota para esta página deve ser '/'",
              "timedOut": null,
              "duration": 1177,
              "state": "passed",
              "speed": "fast",
              "pass": true,
              "fail": false,
              "pending": false,
              "context": null,
              "code": "cy.location('pathname').should('eq', '/');",
              "err": {},
              "uuid": "ab9b39ee-78ab-475c-8a92-004656fd17d2",
              "parentUUID": "0d755a94-e3b6-4c93-9c06-907aef0306b8",
              "isHook": false,
              "skipped": false
            },
            {
              "title": "Crie um local para que o usuário insira seu email e senha",
              "fullTitle": "1 - Crie uma página inicial de login com os seguintes campos e características: Crie um local para que o usuário insira seu email e senha",
              "timedOut": null,
              "duration": 401,
              "state": "passed",
              "speed": "fast",
              "pass": true,
              "fail": false,
              "pending": false,
              "context": null,
              "code": "cy.getByTestId(_constants.EMAIL_INPUT_TEST_ID).should('exist');\ncy.getByTestId(_constants.PASSWORD_INPUT_TEST_ID).should('exist');",
              "err": {},
              "uuid": "1510af3d-4d69-473a-b4cb-948c2edfb3c8",
              "parentUUID": "0d755a94-e3b6-4c93-9c06-907aef0306b8",
              "isHook": false,
              "skipped": false
            },
            {
              "title": "Crie um botão com o texto 'Entrar'",
              "fullTitle": "1 - Crie uma página inicial de login com os seguintes campos e características: Crie um botão com o texto 'Entrar'",
              "timedOut": null,
              "duration": 188,
              "state": "passed",
              "speed": "fast",
              "pass": true,
              "fail": false,
              "pending": false,
              "context": null,
              "code": "cy.contains(/Entrar/i).should('exist');",
              "err": {},
              "uuid": "dec3690c-46d5-4c81-902d-49be468dbdfb",
              "parentUUID": "0d755a94-e3b6-4c93-9c06-907aef0306b8",
              "isHook": false,
              "skipped": false
            },
            {
              "title": "Realize as seguintes verificações nos campos de email, senha e botão:",
              "fullTitle": "1 - Crie uma página inicial de login com os seguintes campos e características: Realize as seguintes verificações nos campos de email, senha e botão:",
              "timedOut": null,
              "duration": 10185,
              "state": "failed",
              "speed": null,
              "pass": false,
              "fail": true,
              "pending": false,
              "context": null,
              "code": "cy.contains(/Entrar/i).should('be.disabled');\ncy.getByTestId(_constants.EMAIL_INPUT_TEST_ID).type(_constants.INVALID_EMAIL_0);\ncy.getByTestId(_constants.PASSWORD_INPUT_TEST_ID).type(_constants.VALID_PASSWORD);\ncy.contains(/Entrar/i).should('be.disabled');\ncy.getByTestId(_constants.EMAIL_INPUT_TEST_ID).clear().type(_constants.INVALID_EMAIL_1);\ncy.getByTestId(_constants.PASSWORD_INPUT_TEST_ID).clear().type(_constants.VALID_PASSWORD);\ncy.contains(/Entrar/i).should('be.disabled');\ncy.getByTestId(_constants.EMAIL_INPUT_TEST_ID).clear().type(_constants.INVALID_EMAIL_2);\ncy.getByTestId(_constants.PASSWORD_INPUT_TEST_ID).clear().type(_constants.VALID_PASSWORD);\ncy.contains(/Entrar/i).should('be.disabled');\ncy.getByTestId(_constants.EMAIL_INPUT_TEST_ID).clear().type(_constants.INVALID_EMAIL_3);\ncy.getByTestId(_constants.PASSWORD_INPUT_TEST_ID).clear().type(_constants.VALID_PASSWORD);\ncy.contains(/Entrar/i).should('be.disabled');\ncy.getByTestId(_constants.EMAIL_INPUT_TEST_ID).clear().type(_constants.VALID_EMAIL);\ncy.getByTestId(_constants.PASSWORD_INPUT_TEST_ID).clear().type(_constants.INVALID_PASSWORD);\ncy.contains(/Entrar/i).should('be.disabled');\ncy.getByTestId(_constants.EMAIL_INPUT_TEST_ID).clear().type(_constants.VALID_EMAIL);\ncy.getByTestId(_constants.PASSWORD_INPUT_TEST_ID).clear().type(_constants.VALID_PASSWORD);\ncy.contains(/Entrar/i).should('not.be.disabled');",
              "err": {
                "message": "AssertionError: Timed out retrying after 10000ms: expected '<button>' to be 'disabled'",
                "estack": "AssertionError: Timed out retrying after 10000ms: expected '<button>' to be 'disabled'\n    at Context.eval (http://localhost:3000/__cypress/tests?p=cypress/integration/01.LoginPage_spec.js:146:28)",
                "diff": null
              },
              "uuid": "b3349cc8-6f27-4871-8fa3-ce31da077251",
              "parentUUID": "0d755a94-e3b6-4c93-9c06-907aef0306b8",
              "isHook": false,
              "skipped": false
            },
            {
              "title": "Salve o email no estado da aplicação, com a chave email, assim que o usuário logar.",
              "fullTitle": "1 - Crie uma página inicial de login com os seguintes campos e características: Salve o email no estado da aplicação, com a chave email, assim que o usuário logar.",
              "timedOut": null,
              "duration": 1236,
              "state": "passed",
              "speed": "fast",
              "pass": true,
              "fail": false,
              "pending": false,
              "context": null,
              "code": "(0, _helperFunctions.logInWithValidCredentials)();\ncy.window().its('store').invoke('getState').its('user.email').should('eq', _constants.VALID_EMAIL);",
              "err": {},
              "uuid": "d70f04aa-ddbf-4f03-971f-198384991adb",
              "parentUUID": "0d755a94-e3b6-4c93-9c06-907aef0306b8",
              "isHook": false,
              "skipped": false
            },
            {
              "title": "A rota deve ser mudada para '/carteira' após o clique no botão.",
              "fullTitle": "1 - Crie uma página inicial de login com os seguintes campos e características: A rota deve ser mudada para '/carteira' após o clique no botão.",
              "timedOut": null,
              "duration": 737,
              "state": "passed",
              "speed": "fast",
              "pass": true,
              "fail": false,
              "pending": false,
              "context": null,
              "code": "(0, _helperFunctions.logInWithValidCredentials)();\ncy.location('pathname').should('eq', '/carteira');",
              "err": {},
              "uuid": "da4d62bb-4ba4-4a58-bd3d-d06deab4ac69",
              "parentUUID": "0d755a94-e3b6-4c93-9c06-907aef0306b8",
              "isHook": false,
              "skipped": false
            }
          ],
          "suites": [],
          "passes": [
            "ab9b39ee-78ab-475c-8a92-004656fd17d2",
            "1510af3d-4d69-473a-b4cb-948c2edfb3c8",
            "dec3690c-46d5-4c81-902d-49be468dbdfb",
            "d70f04aa-ddbf-4f03-971f-198384991adb",
            "da4d62bb-4ba4-4a58-bd3d-d06deab4ac69"
          ],
          "failures": [
            "b3349cc8-6f27-4871-8fa3-ce31da077251"
          ],
          "pending": [],
          "skipped": [],
          "duration": 13924,
          "root": false,
          "rootEmpty": false,
          "_timeout": 2000
        }
      ],
      "passes": [],
      "failures": [],
      "pending": [],
      "skipped": [],
      "duration": 0,
      "root": true,
      "rootEmpty": true,
      "_timeout": 2000
    }
  ],
  "meta": {
    "mocha": {
      "version": "7.0.1"
    },
    "mochawesome": {
      "options": {
        "quiet": false,
        "reportFilename": "mochawesome",
        "saveHtml": false,
        "saveJson": true,
        "consoleReporter": "spec",
        "useInlineDiffs": false,
        "code": true
      },
      "version": "7.1.3"
    },
    "marge": {
      "options": {
        "id": "default",
        "reportDir": "cypress/reports",
        "overwrite": false,
        "html": false,
        "json": true
      },
      "version": "6.2.0"
    }
  }
}